This file contains any messages produced by compilers while
running configure, to aid debugging if configure makes a mistake.

It was created by PLUMED configure 2, which was
generated by GNU Autoconf 2.69.  Invocation command line was

  $ ./configure 

## --------- ##
## Platform. ##
## --------- ##

hostname = magadino
uname -m = x86_64
uname -r = 3.19.0-80-generic
uname -s = Linux
uname -v = #88~14.04.1-Ubuntu SMP Fri Jan 13 14:54:07 UTC 2017

/usr/bin/uname -p = unknown
/bin/uname -X     = unknown

/bin/arch              = unknown
/usr/bin/arch -k       = unknown
/usr/convex/getsysinfo = unknown
/usr/bin/hostinfo      = unknown
/bin/machine           = unknown
/usr/bin/oslevel       = unknown
/bin/universe          = unknown

PATH: /home/yangy/opt/amber16/bin
PATH: /home/yangy/opt/gromacs-4.6.7/bin
PATH: /home/yangy/opt/bin
PATH: /home/yangy/opt/amber16/bin
PATH: /usr/local/sbin
PATH: /usr/local/bin
PATH: /usr/sbin
PATH: /usr/bin
PATH: /sbin
PATH: /bin
PATH: /usr/games
PATH: /usr/local/games
PATH: /usr/lib/jvm/java-8-oracle/bin
PATH: /usr/lib/jvm/java-8-oracle/db/bin
PATH: /usr/lib/jvm/java-8-oracle/jre/bin
PATH: /apps/bin


## ----------- ##
## Core tests. ##
## ----------- ##

configure:2380: Optional modules are disabled by default
configure:3081: checking for mpic++
configure:3097: found /usr/bin/mpic++
configure:3108: result: mpic++
configure:3135: checking for C++ compiler version
configure:3144: mpic++ --version >&5
g++ (Ubuntu 4.8.4-2ubuntu1~14.04.4) 4.8.4
Copyright (C) 2013 Free Software Foundation, Inc.
This is free software; see the source for copying conditions.  There is NO
warranty; not even for MERCHANTABILITY or FITNESS FOR A PARTICULAR PURPOSE.

configure:3155: $? = 0
configure:3144: mpic++ -v >&5
Using built-in specs.
COLLECT_GCC=/usr/bin/g++
COLLECT_LTO_WRAPPER=/usr/lib/gcc/x86_64-linux-gnu/4.8/lto-wrapper
Target: x86_64-linux-gnu
Configured with: ../src/configure -v --with-pkgversion='Ubuntu 4.8.4-2ubuntu1~14.04.4' --with-bugurl=file:///usr/share/doc/gcc-4.8/README.Bugs --enable-languages=c,c++,java,go,d,fortran,objc,obj-c++ --prefix=/usr --program-suffix=-4.8 --enable-shared --enable-linker-build-id --libexecdir=/usr/lib --without-included-gettext --enable-threads=posix --with-gxx-include-dir=/usr/include/c++/4.8 --libdir=/usr/lib --enable-nls --with-sysroot=/ --enable-clocale=gnu --enable-libstdcxx-debug --enable-libstdcxx-time=yes --enable-gnu-unique-object --disable-libmudflap --enable-plugin --with-system-zlib --disable-browser-plugin --enable-java-awt=gtk --enable-gtk-cairo --with-java-home=/usr/lib/jvm/java-1.5.0-gcj-4.8-amd64/jre --enable-java-home --with-jvm-root-dir=/usr/lib/jvm/java-1.5.0-gcj-4.8-amd64 --with-jvm-jar-dir=/usr/lib/jvm-exports/java-1.5.0-gcj-4.8-amd64 --with-arch-directory=amd64 --with-ecj-jar=/usr/share/java/eclipse-ecj.jar --enable-objc-gc --enable-multiarch --disable-werror --with-arch-32=i686 --with-abi=m64 --with-multilib-list=m32,m64,mx32 --with-tune=generic --enable-checking=release --build=x86_64-linux-gnu --host=x86_64-linux-gnu --target=x86_64-linux-gnu
Thread model: posix
gcc version 4.8.4 (Ubuntu 4.8.4-2ubuntu1~14.04.4) 
configure:3155: $? = 0
configure:3144: mpic++ -V >&5
g++: error: unrecognized command line option '-V'
g++: fatal error: no input files
compilation terminated.
configure:3155: $? = 4
configure:3144: mpic++ -qversion >&5
g++: error: unrecognized command line option '-qversion'
g++: fatal error: no input files
compilation terminated.
configure:3155: $? = 4
configure:3175: checking whether the C++ compiler works
configure:3197: mpic++ -O3   conftest.cpp  >&5
configure:3201: $? = 0
configure:3249: result: yes
configure:3252: checking for C++ compiler default output file name
configure:3254: result: a.out
configure:3260: checking for suffix of executables
configure:3267: mpic++ -o conftest -O3   conftest.cpp  >&5
configure:3271: $? = 0
configure:3293: result: 
configure:3315: checking whether we are cross compiling
configure:3323: mpic++ -o conftest -O3   conftest.cpp  >&5
configure:3327: $? = 0
configure:3334: ./conftest
configure:3338: $? = 0
configure:3353: result: no
configure:3358: checking for suffix of object files
configure:3380: mpic++ -c -O3  conftest.cpp >&5
configure:3384: $? = 0
configure:3405: result: o
configure:3409: checking whether we are using the GNU C++ compiler
configure:3428: mpic++ -c -O3  conftest.cpp >&5
configure:3428: $? = 0
configure:3437: result: yes
configure:3446: checking whether mpic++ accepts -g
configure:3466: mpic++ -c -g  conftest.cpp >&5
configure:3466: $? = 0
configure:3507: result: yes
configure:3580: checking for gcc
configure:3596: found /usr/bin/gcc
configure:3607: result: gcc
configure:3836: checking for C compiler version
configure:3845: gcc --version >&5
gcc (Ubuntu 4.8.4-2ubuntu1~14.04.4) 4.8.4
Copyright (C) 2013 Free Software Foundation, Inc.
This is free software; see the source for copying conditions.  There is NO
warranty; not even for MERCHANTABILITY or FITNESS FOR A PARTICULAR PURPOSE.

configure:3856: $? = 0
configure:3845: gcc -v >&5
Using built-in specs.
COLLECT_GCC=gcc
COLLECT_LTO_WRAPPER=/usr/lib/gcc/x86_64-linux-gnu/4.8/lto-wrapper
Target: x86_64-linux-gnu
Configured with: ../src/configure -v --with-pkgversion='Ubuntu 4.8.4-2ubuntu1~14.04.4' --with-bugurl=file:///usr/share/doc/gcc-4.8/README.Bugs --enable-languages=c,c++,java,go,d,fortran,objc,obj-c++ --prefix=/usr --program-suffix=-4.8 --enable-shared --enable-linker-build-id --libexecdir=/usr/lib --without-included-gettext --enable-threads=posix --with-gxx-include-dir=/usr/include/c++/4.8 --libdir=/usr/lib --enable-nls --with-sysroot=/ --enable-clocale=gnu --enable-libstdcxx-debug --enable-libstdcxx-time=yes --enable-gnu-unique-object --disable-libmudflap --enable-plugin --with-system-zlib --disable-browser-plugin --enable-java-awt=gtk --enable-gtk-cairo --with-java-home=/usr/lib/jvm/java-1.5.0-gcj-4.8-amd64/jre --enable-java-home --with-jvm-root-dir=/usr/lib/jvm/java-1.5.0-gcj-4.8-amd64 --with-jvm-jar-dir=/usr/lib/jvm-exports/java-1.5.0-gcj-4.8-amd64 --with-arch-directory=amd64 --with-ecj-jar=/usr/share/java/eclipse-ecj.jar --enable-objc-gc --enable-multiarch --disable-werror --with-arch-32=i686 --with-abi=m64 --with-multilib-list=m32,m64,mx32 --with-tune=generic --enable-checking=release --build=x86_64-linux-gnu --host=x86_64-linux-gnu --target=x86_64-linux-gnu
Thread model: posix
gcc version 4.8.4 (Ubuntu 4.8.4-2ubuntu1~14.04.4) 
configure:3856: $? = 0
configure:3845: gcc -V >&5
gcc: error: unrecognized command line option '-V'
gcc: fatal error: no input files
compilation terminated.
configure:3856: $? = 4
configure:3845: gcc -qversion >&5
gcc: error: unrecognized command line option '-qversion'
gcc: fatal error: no input files
compilation terminated.
configure:3856: $? = 4
configure:3860: checking whether we are using the GNU C compiler
configure:3879: gcc -c   conftest.c >&5
configure:3879: $? = 0
configure:3888: result: yes
configure:3897: checking whether gcc accepts -g
configure:3917: gcc -c -g  conftest.c >&5
configure:3917: $? = 0
configure:3958: result: yes
configure:3975: checking for gcc option to accept ISO C89
configure:4038: gcc  -c -g -O2  conftest.c >&5
configure:4038: $? = 0
configure:4051: result: none needed
configure:4129: checking for gfortran
configure:4145: found /usr/bin/gfortran
configure:4156: result: gfortran
configure:4182: checking for Fortran compiler version
configure:4191: gfortran --version >&5
GNU Fortran (Ubuntu 4.8.4-2ubuntu1~14.04.4) 4.8.4
Copyright (C) 2013 Free Software Foundation, Inc.

GNU Fortran comes with NO WARRANTY, to the extent permitted by law.
You may redistribute copies of GNU Fortran
under the terms of the GNU General Public License.
For more information about these matters, see the file named COPYING

configure:4202: $? = 0
configure:4191: gfortran -v >&5
Using built-in specs.
COLLECT_GCC=gfortran
COLLECT_LTO_WRAPPER=/usr/lib/gcc/x86_64-linux-gnu/4.8/lto-wrapper
Target: x86_64-linux-gnu
Configured with: ../src/configure -v --with-pkgversion='Ubuntu 4.8.4-2ubuntu1~14.04.4' --with-bugurl=file:///usr/share/doc/gcc-4.8/README.Bugs --enable-languages=c,c++,java,go,d,fortran,objc,obj-c++ --prefix=/usr --program-suffix=-4.8 --enable-shared --enable-linker-build-id --libexecdir=/usr/lib --without-included-gettext --enable-threads=posix --with-gxx-include-dir=/usr/include/c++/4.8 --libdir=/usr/lib --enable-nls --with-sysroot=/ --enable-clocale=gnu --enable-libstdcxx-debug --enable-libstdcxx-time=yes --enable-gnu-unique-object --disable-libmudflap --enable-plugin --with-system-zlib --disable-browser-plugin --enable-java-awt=gtk --enable-gtk-cairo --with-java-home=/usr/lib/jvm/java-1.5.0-gcj-4.8-amd64/jre --enable-java-home --with-jvm-root-dir=/usr/lib/jvm/java-1.5.0-gcj-4.8-amd64 --with-jvm-jar-dir=/usr/lib/jvm-exports/java-1.5.0-gcj-4.8-amd64 --with-arch-directory=amd64 --with-ecj-jar=/usr/share/java/eclipse-ecj.jar --enable-objc-gc --enable-multiarch --disable-werror --with-arch-32=i686 --with-abi=m64 --with-multilib-list=m32,m64,mx32 --with-tune=generic --enable-checking=release --build=x86_64-linux-gnu --host=x86_64-linux-gnu --target=x86_64-linux-gnu
Thread model: posix
gcc version 4.8.4 (Ubuntu 4.8.4-2ubuntu1~14.04.4) 
configure:4202: $? = 0
configure:4191: gfortran -V >&5
gfortran: error: unrecognized command line option '-V'
gfortran: fatal error: no input files
compilation terminated.
configure:4202: $? = 4
configure:4191: gfortran -qversion >&5
gfortran: error: unrecognized command line option '-qversion'
gfortran: fatal error: no input files
compilation terminated.
configure:4202: $? = 4
configure:4211: checking whether we are using the GNU Fortran compiler
configure:4224: gfortran -c   conftest.F >&5
configure:4224: $? = 0
configure:4233: result: yes
configure:4239: checking whether gfortran accepts -g
configure:4250: gfortran -c -g  conftest.f >&5
configure:4250: $? = 0
configure:4258: result: yes
configure:4299: Initial CXX:         mpic++
configure:4301: Initial CXXFLAGS:    -O3
configure:4303: Initial CPPFLAGS:    
configure:4305: Initial CFLAGS:      -g -O2
configure:4307: Initial LDFLAGS:     
configure:4309: Initial LIBS:        
configure:4311: Initial STATIC_LIBS: 
configure:4313: Initial LD:          mpic++
configure:4315: Initial LDSHARED:    mpic++
configure:4317: Initial SOEXT:       
configure:4327: checking whether mpic++ accepts -fPIC
configure:4340: mpic++ -c -O3 -fPIC  conftest.cpp >&5
configure:4340: $? = 0
configure:4353: mpic++ -o conftest -O3 -fPIC   conftest.cpp  >&5
configure:4353: $? = 0
configure:4354: result: yes
configure:4380: checking whether gcc accepts -fPIC
configure:4393: gcc -c -g -O2 -fPIC  conftest.c >&5
configure:4393: $? = 0
configure:4406: gcc -o conftest -g -O2 -fPIC   conftest.c  >&5
configure:4406: $? = 0
configure:4407: result: yes
configure:4436: checking whether mpic++ accepts -Wall
configure:4449: mpic++ -c -O3 -fPIC -Wall  conftest.cpp >&5
configure:4449: $? = 0
configure:4462: mpic++ -o conftest -O3 -fPIC -Wall   conftest.cpp  >&5
configure:4462: $? = 0
configure:4463: result: yes
configure:4482: checking whether mpic++ accepts -pedantic
configure:4495: mpic++ -c -O3 -fPIC -Wall -pedantic  conftest.cpp >&5
configure:4495: $? = 0
configure:4508: mpic++ -o conftest -O3 -fPIC -Wall -pedantic   conftest.cpp  >&5
configure:4508: $? = 0
configure:4509: result: yes
configure:4528: checking whether mpic++ accepts -std=c++11
configure:4541: mpic++ -c -O3 -fPIC -Wall -pedantic -std=c++11  conftest.cpp >&5
configure:4541: $? = 0
configure:4554: mpic++ -o conftest -O3 -fPIC -Wall -pedantic -std=c++11   conftest.cpp  >&5
configure:4554: $? = 0
configure:4555: result: yes
configure:5140: checking whether mpic++ declares c++11 support
configure:5157: mpic++ -c -O3 -fPIC -Wall -pedantic -std=c++11  conftest.cpp >&5
configure:5157: $? = 0
configure:5158: result: yes
configure:5184: checking whether mpic++ can generate dependency file with -MM -MF
configure:5193: result: yes
configure:5209: dependency tracking enabled
configure:5218: Now we will check compulsory headers and libraries
configure:5225: checking how to run the C++ preprocessor
configure:5252: mpic++ -E  conftest.cpp
configure:5252: $? = 0
configure:5266: mpic++ -E  conftest.cpp
conftest.cpp:9:28: fatal error: ac_nonexistent.h: No such file or directory
 #include <ac_nonexistent.h>
                            ^
compilation terminated.
configure:5266: $? = 1
configure: failed program was:
| /* confdefs.h */
| #define PACKAGE_NAME "PLUMED"
| #define PACKAGE_TARNAME "plumed"
| #define PACKAGE_VERSION "2"
| #define PACKAGE_STRING "PLUMED 2"
| #define PACKAGE_BUGREPORT ""
| #define PACKAGE_URL ""
| /* end confdefs.h.  */
| #include <ac_nonexistent.h>
configure:5291: result: mpic++ -E
configure:5311: mpic++ -E  conftest.cpp
configure:5311: $? = 0
configure:5325: mpic++ -E  conftest.cpp
conftest.cpp:9:28: fatal error: ac_nonexistent.h: No such file or directory
 #include <ac_nonexistent.h>
                            ^
compilation terminated.
configure:5325: $? = 1
configure: failed program was:
| /* confdefs.h */
| #define PACKAGE_NAME "PLUMED"
| #define PACKAGE_TARNAME "plumed"
| #define PACKAGE_VERSION "2"
| #define PACKAGE_STRING "PLUMED 2"
| #define PACKAGE_BUGREPORT ""
| #define PACKAGE_URL ""
| /* end confdefs.h.  */
| #include <ac_nonexistent.h>
configure:5354: checking for grep that handles long lines and -e
configure:5412: result: /bin/grep
configure:5417: checking for egrep
configure:5479: result: /bin/grep -E
configure:5484: checking for ANSI C header files
configure:5504: mpic++ -c -O3 -fPIC -Wall -pedantic -std=c++11  conftest.cpp >&5
configure:5504: $? = 0
configure:5577: mpic++ -o conftest -O3 -fPIC -Wall -pedantic -std=c++11   conftest.cpp  >&5
configure:5577: $? = 0
configure:5577: ./conftest
configure:5577: $? = 0
configure:5588: result: yes
configure:5601: checking for sys/types.h
configure:5601: mpic++ -c -O3 -fPIC -Wall -pedantic -std=c++11  conftest.cpp >&5
configure:5601: $? = 0
configure:5601: result: yes
configure:5601: checking for sys/stat.h
configure:5601: mpic++ -c -O3 -fPIC -Wall -pedantic -std=c++11  conftest.cpp >&5
configure:5601: $? = 0
configure:5601: result: yes
configure:5601: checking for stdlib.h
configure:5601: mpic++ -c -O3 -fPIC -Wall -pedantic -std=c++11  conftest.cpp >&5
configure:5601: $? = 0
configure:5601: result: yes
configure:5601: checking for string.h
configure:5601: mpic++ -c -O3 -fPIC -Wall -pedantic -std=c++11  conftest.cpp >&5
configure:5601: $? = 0
configure:5601: result: yes
configure:5601: checking for memory.h
configure:5601: mpic++ -c -O3 -fPIC -Wall -pedantic -std=c++11  conftest.cpp >&5
configure:5601: $? = 0
configure:5601: result: yes
configure:5601: checking for strings.h
configure:5601: mpic++ -c -O3 -fPIC -Wall -pedantic -std=c++11  conftest.cpp >&5
configure:5601: $? = 0
configure:5601: result: yes
configure:5601: checking for inttypes.h
configure:5601: mpic++ -c -O3 -fPIC -Wall -pedantic -std=c++11  conftest.cpp >&5
configure:5601: $? = 0
configure:5601: result: yes
configure:5601: checking for stdint.h
configure:5601: mpic++ -c -O3 -fPIC -Wall -pedantic -std=c++11  conftest.cpp >&5
configure:5601: $? = 0
configure:5601: result: yes
configure:5601: checking for unistd.h
configure:5601: mpic++ -c -O3 -fPIC -Wall -pedantic -std=c++11  conftest.cpp >&5
configure:5601: $? = 0
configure:5601: result: yes
configure:5613: checking dirent.h usability
configure:5613: mpic++ -c -O3 -fPIC -Wall -pedantic -std=c++11  conftest.cpp >&5
configure:5613: $? = 0
configure:5613: result: yes
configure:5613: checking dirent.h presence
configure:5613: mpic++ -E  conftest.cpp
configure:5613: $? = 0
configure:5613: result: yes
configure:5613: checking for dirent.h
configure:5613: result: yes
configure:5621: checking for readdir
configure:5621: mpic++ -o conftest -O3 -fPIC -Wall -pedantic -std=c++11   conftest.cpp  >&5
configure:5621: $? = 0
configure:5621: result: yes
configure:5648: checking for library containing dgemv
configure:5679: mpic++ -o conftest -O3 -fPIC -Wall -pedantic -std=c++11   conftest.cpp  >&5
/tmp/ccs4Xkaz.o: In function `main':
conftest.cpp:(.text.startup+0x5): undefined reference to `dgemv'
collect2: error: ld returned 1 exit status
configure:5679: $? = 1
configure: failed program was:
| /* confdefs.h */
| #define PACKAGE_NAME "PLUMED"
| #define PACKAGE_TARNAME "plumed"
| #define PACKAGE_VERSION "2"
| #define PACKAGE_STRING "PLUMED 2"
| #define PACKAGE_BUGREPORT ""
| #define PACKAGE_URL ""
| #define STDC_HEADERS 1
| #define HAVE_SYS_TYPES_H 1
| #define HAVE_SYS_STAT_H 1
| #define HAVE_STDLIB_H 1
| #define HAVE_STRING_H 1
| #define HAVE_MEMORY_H 1
| #define HAVE_STRINGS_H 1
| #define HAVE_INTTYPES_H 1
| #define HAVE_STDINT_H 1
| #define HAVE_UNISTD_H 1
| /* end confdefs.h.  */
| 
| /* Override any GCC internal prototype to avoid an error.
|    Use char because int might match the return type of a GCC
|    builtin and then its argument prototype would still apply.  */
| #ifdef __cplusplus
| extern "C"
| #endif
| char dgemv ();
| int
| main ()
| {
| return dgemv ();
|   ;
|   return 0;
| }
configure:5679: mpic++ -o conftest -O3 -fPIC -Wall -pedantic -std=c++11   conftest.cpp -lblas   >&5
/tmp/ccu8wgUB.o: In function `main':
conftest.cpp:(.text.startup+0x5): undefined reference to `dgemv'
collect2: error: ld returned 1 exit status
configure:5679: $? = 1
configure: failed program was:
| /* confdefs.h */
| #define PACKAGE_NAME "PLUMED"
| #define PACKAGE_TARNAME "plumed"
| #define PACKAGE_VERSION "2"
| #define PACKAGE_STRING "PLUMED 2"
| #define PACKAGE_BUGREPORT ""
| #define PACKAGE_URL ""
| #define STDC_HEADERS 1
| #define HAVE_SYS_TYPES_H 1
| #define HAVE_SYS_STAT_H 1
| #define HAVE_STDLIB_H 1
| #define HAVE_STRING_H 1
| #define HAVE_MEMORY_H 1
| #define HAVE_STRINGS_H 1
| #define HAVE_INTTYPES_H 1
| #define HAVE_STDINT_H 1
| #define HAVE_UNISTD_H 1
| /* end confdefs.h.  */
| 
| /* Override any GCC internal prototype to avoid an error.
|    Use char because int might match the return type of a GCC
|    builtin and then its argument prototype would still apply.  */
| #ifdef __cplusplus
| extern "C"
| #endif
| char dgemv ();
| int
| main ()
| {
| return dgemv ();
|   ;
|   return 0;
| }
configure:5696: result: no
configure:5706: checking for library containing dgemv_
configure:5737: mpic++ -o conftest -O3 -fPIC -Wall -pedantic -std=c++11   conftest.cpp  >&5
/tmp/cc9g2BgE.o: In function `main':
conftest.cpp:(.text.startup+0x5): undefined reference to `dgemv_'
collect2: error: ld returned 1 exit status
configure:5737: $? = 1
configure: failed program was:
| /* confdefs.h */
| #define PACKAGE_NAME "PLUMED"
| #define PACKAGE_TARNAME "plumed"
| #define PACKAGE_VERSION "2"
| #define PACKAGE_STRING "PLUMED 2"
| #define PACKAGE_BUGREPORT ""
| #define PACKAGE_URL ""
| #define STDC_HEADERS 1
| #define HAVE_SYS_TYPES_H 1
| #define HAVE_SYS_STAT_H 1
| #define HAVE_STDLIB_H 1
| #define HAVE_STRING_H 1
| #define HAVE_MEMORY_H 1
| #define HAVE_STRINGS_H 1
| #define HAVE_INTTYPES_H 1
| #define HAVE_STDINT_H 1
| #define HAVE_UNISTD_H 1
| /* end confdefs.h.  */
| 
| /* Override any GCC internal prototype to avoid an error.
|    Use char because int might match the return type of a GCC
|    builtin and then its argument prototype would still apply.  */
| #ifdef __cplusplus
| extern "C"
| #endif
| char dgemv_ ();
| int
| main ()
| {
| return dgemv_ ();
|   ;
|   return 0;
| }
configure:5737: mpic++ -o conftest -O3 -fPIC -Wall -pedantic -std=c++11   conftest.cpp -lblas   >&5
configure:5737: $? = 0
configure:5754: result: -lblas
configure:6026: checking for library containing dsyevr_
configure:6057: mpic++ -o conftest -O3 -fPIC -Wall -pedantic -std=c++11   conftest.cpp -lblas  >&5
/tmp/ccVf8a9J.o: In function `main':
conftest.cpp:(.text.startup+0x5): undefined reference to `dsyevr_'
collect2: error: ld returned 1 exit status
configure:6057: $? = 1
configure: failed program was:
| /* confdefs.h */
| #define PACKAGE_NAME "PLUMED"
| #define PACKAGE_TARNAME "plumed"
| #define PACKAGE_VERSION "2"
| #define PACKAGE_STRING "PLUMED 2"
| #define PACKAGE_BUGREPORT ""
| #define PACKAGE_URL ""
| #define STDC_HEADERS 1
| #define HAVE_SYS_TYPES_H 1
| #define HAVE_SYS_STAT_H 1
| #define HAVE_STDLIB_H 1
| #define HAVE_STRING_H 1
| #define HAVE_MEMORY_H 1
| #define HAVE_STRINGS_H 1
| #define HAVE_INTTYPES_H 1
| #define HAVE_STDINT_H 1
| #define HAVE_UNISTD_H 1
| #define __PLUMED_HAS_EXTERNAL_BLAS 1
| /* end confdefs.h.  */
| 
| /* Override any GCC internal prototype to avoid an error.
|    Use char because int might match the return type of a GCC
|    builtin and then its argument prototype would still apply.  */
| #ifdef __cplusplus
| extern "C"
| #endif
| char dsyevr_ ();
| int
| main ()
| {
| return dsyevr_ ();
|   ;
|   return 0;
| }
configure:6057: mpic++ -o conftest -O3 -fPIC -Wall -pedantic -std=c++11   conftest.cpp -llapack  -lblas  >&5
configure:6057: $? = 0
configure:6075: result: -llapack
configure:6171: checking whether sdot returns float
configure:6204: mpic++ -o conftest -O3 -fPIC -Wall -pedantic -std=c++11   conftest.cpp -llapack -lblas  >&5
conftest.cpp: In function 'int main()':
conftest.cpp:33:22: warning: comparison between signed and unsigned integer expressions [-Wsign-compare]
   for(unsigned i=0;i<size;i++){
                      ^
configure:6204: $? = 0
configure:6204: ./conftest
configure:6204: $? = 0
configure:6205: result: yes
configure:6290: Now we will check for optional headers and libraries
configure:6314: checking libmolfile_plugin.h usability
configure:6314: mpic++ -c -O3 -fPIC -Wall -pedantic -std=c++11  conftest.cpp >&5
conftest.cpp:55:31: fatal error: libmolfile_plugin.h: No such file or directory
 #include <libmolfile_plugin.h>
                               ^
compilation terminated.
configure:6314: $? = 1
configure: failed program was:
| /* confdefs.h */
| #define PACKAGE_NAME "PLUMED"
| #define PACKAGE_TARNAME "plumed"
| #define PACKAGE_VERSION "2"
| #define PACKAGE_STRING "PLUMED 2"
| #define PACKAGE_BUGREPORT ""
| #define PACKAGE_URL ""
| #define STDC_HEADERS 1
| #define HAVE_SYS_TYPES_H 1
| #define HAVE_SYS_STAT_H 1
| #define HAVE_STDLIB_H 1
| #define HAVE_STRING_H 1
| #define HAVE_MEMORY_H 1
| #define HAVE_STRINGS_H 1
| #define HAVE_INTTYPES_H 1
| #define HAVE_STDINT_H 1
| #define HAVE_UNISTD_H 1
| #define __PLUMED_HAS_EXTERNAL_BLAS 1
| #define __PLUMED_HAS_EXTERNAL_LAPACK 1
| #define __PLUMED_HAS_MOLFILE_PLUGINS 1
| /* end confdefs.h.  */
| #include <stdio.h>
| #ifdef HAVE_SYS_TYPES_H
| # include <sys/types.h>
| #endif
| #ifdef HAVE_SYS_STAT_H
| # include <sys/stat.h>
| #endif
| #ifdef STDC_HEADERS
| # include <stdlib.h>
| # include <stddef.h>
| #else
| # ifdef HAVE_STDLIB_H
| #  include <stdlib.h>
| # endif
| #endif
| #ifdef HAVE_STRING_H
| # if !defined STDC_HEADERS && defined HAVE_MEMORY_H
| #  include <memory.h>
| # endif
| # include <string.h>
| #endif
| #ifdef HAVE_STRINGS_H
| # include <strings.h>
| #endif
| #ifdef HAVE_INTTYPES_H
| # include <inttypes.h>
| #endif
| #ifdef HAVE_STDINT_H
| # include <stdint.h>
| #endif
| #ifdef HAVE_UNISTD_H
| # include <unistd.h>
| #endif
| #include <libmolfile_plugin.h>
configure:6314: result: no
configure:6314: checking libmolfile_plugin.h presence
configure:6314: mpic++ -E  conftest.cpp
conftest.cpp:22:31: fatal error: libmolfile_plugin.h: No such file or directory
 #include <libmolfile_plugin.h>
                               ^
compilation terminated.
configure:6314: $? = 1
configure: failed program was:
| /* confdefs.h */
| #define PACKAGE_NAME "PLUMED"
| #define PACKAGE_TARNAME "plumed"
| #define PACKAGE_VERSION "2"
| #define PACKAGE_STRING "PLUMED 2"
| #define PACKAGE_BUGREPORT ""
| #define PACKAGE_URL ""
| #define STDC_HEADERS 1
| #define HAVE_SYS_TYPES_H 1
| #define HAVE_SYS_STAT_H 1
| #define HAVE_STDLIB_H 1
| #define HAVE_STRING_H 1
| #define HAVE_MEMORY_H 1
| #define HAVE_STRINGS_H 1
| #define HAVE_INTTYPES_H 1
| #define HAVE_STDINT_H 1
| #define HAVE_UNISTD_H 1
| #define __PLUMED_HAS_EXTERNAL_BLAS 1
| #define __PLUMED_HAS_EXTERNAL_LAPACK 1
| #define __PLUMED_HAS_MOLFILE_PLUGINS 1
| /* end confdefs.h.  */
| #include <libmolfile_plugin.h>
configure:6314: result: no
configure:6314: checking for libmolfile_plugin.h
configure:6314: result: no
configure:6443: WARNING: cannot enable __PLUMED_HAS_EXTERNAL_MOLFILE_PLUGINS
configure:6448: WARNING: using internal molfile_plugins, which only support dcd/xtc/trr/trj/crd files
configure:6460: checking for dlopen in -ldl
configure:6485: mpic++ -o conftest -O3 -fPIC -Wall -pedantic -std=c++11   conftest.cpp -ldl  -llapack -lblas  >&5
configure:6485: $? = 0
configure:6494: result: yes
configure:6507: checking mpi.h usability
configure:6507: mpic++ -c -O3 -fPIC -Wall -pedantic -std=c++11  conftest.cpp >&5
configure:6507: $? = 0
configure:6507: result: yes
configure:6507: checking mpi.h presence
configure:6507: mpic++ -E  conftest.cpp
configure:6507: $? = 0
configure:6507: result: yes
configure:6507: checking for mpi.h
configure:6507: result: yes
configure:6512: checking for library containing MPI_Init
configure:6543: mpic++ -o conftest -O3 -fPIC -Wall -pedantic -std=c++11   conftest.cpp -ldl -llapack -lblas  >&5
configure:6543: $? = 0
configure:6560: result: none required
configure:6657: checking for mpic++ option to support OpenMP
configure:6672: mpic++ -o conftest -O3 -fPIC -Wall -pedantic -std=c++11   conftest.cpp -ldl -llapack -lblas  >&5
conftest.cpp:25:2: error: 'choke' does not name a type
  choke me
  ^
In file included from conftest.cpp:27:0:
/usr/lib/gcc/x86_64-linux-gnu/4.8/include/omp.h:38:3: error: 'omp_lock_t' does not name a type
 } omp_lock_t;
   ^
/usr/lib/gcc/x86_64-linux-gnu/4.8/include/omp.h:81:28: error: variable or field 'omp_init_lock' declared void
 extern void omp_init_lock (omp_lock_t *) __GOMP_NOTHROW;
                            ^
/usr/lib/gcc/x86_64-linux-gnu/4.8/include/omp.h:81:28: error: 'omp_lock_t' was not declared in this scope
/usr/lib/gcc/x86_64-linux-gnu/4.8/include/omp.h:81:40: error: expected primary-expression before ')' token
 extern void omp_init_lock (omp_lock_t *) __GOMP_NOTHROW;
                                        ^
/usr/lib/gcc/x86_64-linux-gnu/4.8/include/omp.h:82:31: error: variable or field 'omp_destroy_lock' declared void
 extern void omp_destroy_lock (omp_lock_t *) __GOMP_NOTHROW;
                               ^
/usr/lib/gcc/x86_64-linux-gnu/4.8/include/omp.h:82:31: error: 'omp_lock_t' was not declared in this scope
/usr/lib/gcc/x86_64-linux-gnu/4.8/include/omp.h:82:43: error: expected primary-expression before ')' token
 extern void omp_destroy_lock (omp_lock_t *) __GOMP_NOTHROW;
                                           ^
/usr/lib/gcc/x86_64-linux-gnu/4.8/include/omp.h:83:27: error: variable or field 'omp_set_lock' declared void
 extern void omp_set_lock (omp_lock_t *) __GOMP_NOTHROW;
                           ^
/usr/lib/gcc/x86_64-linux-gnu/4.8/include/omp.h:83:27: error: 'omp_lock_t' was not declared in this scope
/usr/lib/gcc/x86_64-linux-gnu/4.8/include/omp.h:83:39: error: expected primary-expression before ')' token
 extern void omp_set_lock (omp_lock_t *) __GOMP_NOTHROW;
                                       ^
/usr/lib/gcc/x86_64-linux-gnu/4.8/include/omp.h:84:29: error: variable or field 'omp_unset_lock' declared void
 extern void omp_unset_lock (omp_lock_t *) __GOMP_NOTHROW;
                             ^
/usr/lib/gcc/x86_64-linux-gnu/4.8/include/omp.h:84:29: error: 'omp_lock_t' was not declared in this scope
/usr/lib/gcc/x86_64-linux-gnu/4.8/include/omp.h:84:41: error: expected primary-expression before ')' token
 extern void omp_unset_lock (omp_lock_t *) __GOMP_NOTHROW;
                                         ^
/usr/lib/gcc/x86_64-linux-gnu/4.8/include/omp.h:85:27: error: 'omp_lock_t' was not declared in this scope
 extern int omp_test_lock (omp_lock_t *) __GOMP_NOTHROW;
                           ^
/usr/lib/gcc/x86_64-linux-gnu/4.8/include/omp.h:85:39: error: expected primary-expression before ')' token
 extern int omp_test_lock (omp_lock_t *) __GOMP_NOTHROW;
                                       ^
/usr/lib/gcc/x86_64-linux-gnu/4.8/include/omp.h:85:41: error: expected ',' or ';' before 'throw'
 extern int omp_test_lock (omp_lock_t *) __GOMP_NOTHROW;
                                         ^
configure:6672: $? = 1
configure: failed program was:
| /* confdefs.h */
| #define PACKAGE_NAME "PLUMED"
| #define PACKAGE_TARNAME "plumed"
| #define PACKAGE_VERSION "2"
| #define PACKAGE_STRING "PLUMED 2"
| #define PACKAGE_BUGREPORT ""
| #define PACKAGE_URL ""
| #define STDC_HEADERS 1
| #define HAVE_SYS_TYPES_H 1
| #define HAVE_SYS_STAT_H 1
| #define HAVE_STDLIB_H 1
| #define HAVE_STRING_H 1
| #define HAVE_MEMORY_H 1
| #define HAVE_STRINGS_H 1
| #define HAVE_INTTYPES_H 1
| #define HAVE_STDINT_H 1
| #define HAVE_UNISTD_H 1
| #define __PLUMED_HAS_EXTERNAL_BLAS 1
| #define __PLUMED_HAS_EXTERNAL_LAPACK 1
| #define __PLUMED_HAS_MOLFILE_PLUGINS 1
| #define __PLUMED_HAS_MPI 1
| /* end confdefs.h.  */
| 
| #ifndef _OPENMP
|  choke me
| #endif
| #include <omp.h>
| int main () { return omp_get_num_threads (); }
| 
configure:6690: mpic++ -o conftest -O3 -fPIC -Wall -pedantic -std=c++11 -fopenmp   conftest.cpp -ldl -llapack -lblas  >&5
configure:6690: $? = 0
configure:6704: result: -fopenmp
configure:6720: checking for dirent.h
configure:6720: result: yes
configure:6725: checking for library containing readdir_r
configure:6756: mpic++ -o conftest -O3 -fPIC -Wall -pedantic -std=c++11   conftest.cpp -ldl -llapack -lblas  >&5
configure:6756: $? = 0
configure:6773: result: none required
configure:6858: checking regex.h usability
configure:6858: mpic++ -c -O3 -fPIC -Wall -pedantic -std=c++11  conftest.cpp >&5
configure:6858: $? = 0
configure:6858: result: yes
configure:6858: checking regex.h presence
configure:6858: mpic++ -E  conftest.cpp
configure:6858: $? = 0
configure:6858: result: yes
configure:6858: checking for regex.h
configure:6858: result: yes
configure:6863: checking for library containing regcomp
configure:6894: mpic++ -o conftest -O3 -fPIC -Wall -pedantic -std=c++11   conftest.cpp -ldl -llapack -lblas  >&5
configure:6894: $? = 0
configure:6911: result: none required
configure:6996: checking dlfcn.h usability
configure:6996: mpic++ -c -O3 -fPIC -Wall -pedantic -std=c++11  conftest.cpp >&5
configure:6996: $? = 0
configure:6996: result: yes
configure:6996: checking dlfcn.h presence
configure:6996: mpic++ -E  conftest.cpp
configure:6996: $? = 0
configure:6996: result: yes
configure:6996: checking for dlfcn.h
configure:6996: result: yes
configure:7001: checking for library containing dlopen
configure:7032: mpic++ -o conftest -O3 -fPIC -Wall -pedantic -std=c++11   conftest.cpp -ldl -llapack -lblas  >&5
configure:7032: $? = 0
configure:7049: result: none required
configure:7134: checking execinfo.h usability
configure:7134: mpic++ -c -O3 -fPIC -Wall -pedantic -std=c++11  conftest.cpp >&5
configure:7134: $? = 0
configure:7134: result: yes
configure:7134: checking execinfo.h presence
configure:7134: mpic++ -E  conftest.cpp
configure:7134: $? = 0
configure:7134: result: yes
configure:7134: checking for execinfo.h
configure:7134: result: yes
configure:7139: checking for library containing backtrace
configure:7170: mpic++ -o conftest -O3 -fPIC -Wall -pedantic -std=c++11   conftest.cpp -ldl -llapack -lblas  >&5
configure:7170: $? = 0
configure:7187: result: none required
configure:7272: checking zlib.h usability
configure:7272: mpic++ -c -O3 -fPIC -Wall -pedantic -std=c++11  conftest.cpp >&5
configure:7272: $? = 0
configure:7272: result: yes
configure:7272: checking zlib.h presence
configure:7272: mpic++ -E  conftest.cpp
configure:7272: $? = 0
configure:7272: result: yes
configure:7272: checking for zlib.h
configure:7272: result: yes
configure:7277: checking for library containing gzopen
configure:7308: mpic++ -o conftest -O3 -fPIC -Wall -pedantic -std=c++11   conftest.cpp -ldl -llapack -lblas  >&5
/tmp/cc6Q7gbZ.o: In function `main':
conftest.cpp:(.text.startup+0x5): undefined reference to `gzopen'
collect2: error: ld returned 1 exit status
configure:7308: $? = 1
configure: failed program was:
| /* confdefs.h */
| #define PACKAGE_NAME "PLUMED"
| #define PACKAGE_TARNAME "plumed"
| #define PACKAGE_VERSION "2"
| #define PACKAGE_STRING "PLUMED 2"
| #define PACKAGE_BUGREPORT ""
| #define PACKAGE_URL ""
| #define STDC_HEADERS 1
| #define HAVE_SYS_TYPES_H 1
| #define HAVE_SYS_STAT_H 1
| #define HAVE_STDLIB_H 1
| #define HAVE_STRING_H 1
| #define HAVE_MEMORY_H 1
| #define HAVE_STRINGS_H 1
| #define HAVE_INTTYPES_H 1
| #define HAVE_STDINT_H 1
| #define HAVE_UNISTD_H 1
| #define __PLUMED_HAS_EXTERNAL_BLAS 1
| #define __PLUMED_HAS_EXTERNAL_LAPACK 1
| #define __PLUMED_HAS_MOLFILE_PLUGINS 1
| #define __PLUMED_HAS_MPI 1
| #define __PLUMED_HAS_READDIR_R 1
| #define __PLUMED_HAS_CREGEX 1
| #define __PLUMED_HAS_DLOPEN 1
| #define __PLUMED_HAS_EXECINFO 1
| /* end confdefs.h.  */
| 
| /* Override any GCC internal prototype to avoid an error.
|    Use char because int might match the return type of a GCC
|    builtin and then its argument prototype would still apply.  */
| #ifdef __cplusplus
| extern "C"
| #endif
| char gzopen ();
| int
| main ()
| {
| return gzopen ();
|   ;
|   return 0;
| }
configure:7308: mpic++ -o conftest -O3 -fPIC -Wall -pedantic -std=c++11   conftest.cpp -lz  -ldl -llapack -lblas  >&5
configure:7308: $? = 0
configure:7325: result: -lz
configure:7411: checking for library containing cblas_dgemv
configure:7442: mpic++ -o conftest -O3 -fPIC -Wall -pedantic -std=c++11   conftest.cpp -lz -ldl -llapack -lblas  >&5
configure:7442: $? = 0
configure:7459: result: none required
configure:7465: checking gsl/gsl_vector.h usability
configure:7465: mpic++ -c -O3 -fPIC -Wall -pedantic -std=c++11  conftest.cpp >&5
conftest.cpp:61:28: fatal error: gsl/gsl_vector.h: No such file or directory
 #include <gsl/gsl_vector.h>
                            ^
compilation terminated.
configure:7465: $? = 1
configure: failed program was:
| /* confdefs.h */
| #define PACKAGE_NAME "PLUMED"
| #define PACKAGE_TARNAME "plumed"
| #define PACKAGE_VERSION "2"
| #define PACKAGE_STRING "PLUMED 2"
| #define PACKAGE_BUGREPORT ""
| #define PACKAGE_URL ""
| #define STDC_HEADERS 1
| #define HAVE_SYS_TYPES_H 1
| #define HAVE_SYS_STAT_H 1
| #define HAVE_STDLIB_H 1
| #define HAVE_STRING_H 1
| #define HAVE_MEMORY_H 1
| #define HAVE_STRINGS_H 1
| #define HAVE_INTTYPES_H 1
| #define HAVE_STDINT_H 1
| #define HAVE_UNISTD_H 1
| #define __PLUMED_HAS_EXTERNAL_BLAS 1
| #define __PLUMED_HAS_EXTERNAL_LAPACK 1
| #define __PLUMED_HAS_MOLFILE_PLUGINS 1
| #define __PLUMED_HAS_MPI 1
| #define __PLUMED_HAS_READDIR_R 1
| #define __PLUMED_HAS_CREGEX 1
| #define __PLUMED_HAS_DLOPEN 1
| #define __PLUMED_HAS_EXECINFO 1
| #define __PLUMED_HAS_ZLIB 1
| /* end confdefs.h.  */
| #include <stdio.h>
| #ifdef HAVE_SYS_TYPES_H
| # include <sys/types.h>
| #endif
| #ifdef HAVE_SYS_STAT_H
| # include <sys/stat.h>
| #endif
| #ifdef STDC_HEADERS
| # include <stdlib.h>
| # include <stddef.h>
| #else
| # ifdef HAVE_STDLIB_H
| #  include <stdlib.h>
| # endif
| #endif
| #ifdef HAVE_STRING_H
| # if !defined STDC_HEADERS && defined HAVE_MEMORY_H
| #  include <memory.h>
| # endif
| # include <string.h>
| #endif
| #ifdef HAVE_STRINGS_H
| # include <strings.h>
| #endif
| #ifdef HAVE_INTTYPES_H
| # include <inttypes.h>
| #endif
| #ifdef HAVE_STDINT_H
| # include <stdint.h>
| #endif
| #ifdef HAVE_UNISTD_H
| # include <unistd.h>
| #endif
| #include <gsl/gsl_vector.h>
configure:7465: result: no
configure:7465: checking gsl/gsl_vector.h presence
configure:7465: mpic++ -E  conftest.cpp
conftest.cpp:28:28: fatal error: gsl/gsl_vector.h: No such file or directory
 #include <gsl/gsl_vector.h>
                            ^
compilation terminated.
configure:7465: $? = 1
configure: failed program was:
| /* confdefs.h */
| #define PACKAGE_NAME "PLUMED"
| #define PACKAGE_TARNAME "plumed"
| #define PACKAGE_VERSION "2"
| #define PACKAGE_STRING "PLUMED 2"
| #define PACKAGE_BUGREPORT ""
| #define PACKAGE_URL ""
| #define STDC_HEADERS 1
| #define HAVE_SYS_TYPES_H 1
| #define HAVE_SYS_STAT_H 1
| #define HAVE_STDLIB_H 1
| #define HAVE_STRING_H 1
| #define HAVE_MEMORY_H 1
| #define HAVE_STRINGS_H 1
| #define HAVE_INTTYPES_H 1
| #define HAVE_STDINT_H 1
| #define HAVE_UNISTD_H 1
| #define __PLUMED_HAS_EXTERNAL_BLAS 1
| #define __PLUMED_HAS_EXTERNAL_LAPACK 1
| #define __PLUMED_HAS_MOLFILE_PLUGINS 1
| #define __PLUMED_HAS_MPI 1
| #define __PLUMED_HAS_READDIR_R 1
| #define __PLUMED_HAS_CREGEX 1
| #define __PLUMED_HAS_DLOPEN 1
| #define __PLUMED_HAS_EXECINFO 1
| #define __PLUMED_HAS_ZLIB 1
| /* end confdefs.h.  */
| #include <gsl/gsl_vector.h>
configure:7465: result: no
configure:7465: checking for gsl/gsl_vector.h
configure:7465: result: no
configure:7780: WARNING: cannot enable __PLUMED_HAS_GSL
configure:7789: checking xdrfile/xdrfile_xtc.h usability
configure:7789: mpic++ -c -O3 -fPIC -Wall -pedantic -std=c++11  conftest.cpp >&5
conftest.cpp:61:33: fatal error: xdrfile/xdrfile_xtc.h: No such file or directory
 #include <xdrfile/xdrfile_xtc.h>
                                 ^
compilation terminated.
configure:7789: $? = 1
configure: failed program was:
| /* confdefs.h */
| #define PACKAGE_NAME "PLUMED"
| #define PACKAGE_TARNAME "plumed"
| #define PACKAGE_VERSION "2"
| #define PACKAGE_STRING "PLUMED 2"
| #define PACKAGE_BUGREPORT ""
| #define PACKAGE_URL ""
| #define STDC_HEADERS 1
| #define HAVE_SYS_TYPES_H 1
| #define HAVE_SYS_STAT_H 1
| #define HAVE_STDLIB_H 1
| #define HAVE_STRING_H 1
| #define HAVE_MEMORY_H 1
| #define HAVE_STRINGS_H 1
| #define HAVE_INTTYPES_H 1
| #define HAVE_STDINT_H 1
| #define HAVE_UNISTD_H 1
| #define __PLUMED_HAS_EXTERNAL_BLAS 1
| #define __PLUMED_HAS_EXTERNAL_LAPACK 1
| #define __PLUMED_HAS_MOLFILE_PLUGINS 1
| #define __PLUMED_HAS_MPI 1
| #define __PLUMED_HAS_READDIR_R 1
| #define __PLUMED_HAS_CREGEX 1
| #define __PLUMED_HAS_DLOPEN 1
| #define __PLUMED_HAS_EXECINFO 1
| #define __PLUMED_HAS_ZLIB 1
| /* end confdefs.h.  */
| #include <stdio.h>
| #ifdef HAVE_SYS_TYPES_H
| # include <sys/types.h>
| #endif
| #ifdef HAVE_SYS_STAT_H
| # include <sys/stat.h>
| #endif
| #ifdef STDC_HEADERS
| # include <stdlib.h>
| # include <stddef.h>
| #else
| # ifdef HAVE_STDLIB_H
| #  include <stdlib.h>
| # endif
| #endif
| #ifdef HAVE_STRING_H
| # if !defined STDC_HEADERS && defined HAVE_MEMORY_H
| #  include <memory.h>
| # endif
| # include <string.h>
| #endif
| #ifdef HAVE_STRINGS_H
| # include <strings.h>
| #endif
| #ifdef HAVE_INTTYPES_H
| # include <inttypes.h>
| #endif
| #ifdef HAVE_STDINT_H
| # include <stdint.h>
| #endif
| #ifdef HAVE_UNISTD_H
| # include <unistd.h>
| #endif
| #include <xdrfile/xdrfile_xtc.h>
configure:7789: result: no
configure:7789: checking xdrfile/xdrfile_xtc.h presence
configure:7789: mpic++ -E  conftest.cpp
conftest.cpp:28:33: fatal error: xdrfile/xdrfile_xtc.h: No such file or directory
 #include <xdrfile/xdrfile_xtc.h>
                                 ^
compilation terminated.
configure:7789: $? = 1
configure: failed program was:
| /* confdefs.h */
| #define PACKAGE_NAME "PLUMED"
| #define PACKAGE_TARNAME "plumed"
| #define PACKAGE_VERSION "2"
| #define PACKAGE_STRING "PLUMED 2"
| #define PACKAGE_BUGREPORT ""
| #define PACKAGE_URL ""
| #define STDC_HEADERS 1
| #define HAVE_SYS_TYPES_H 1
| #define HAVE_SYS_STAT_H 1
| #define HAVE_STDLIB_H 1
| #define HAVE_STRING_H 1
| #define HAVE_MEMORY_H 1
| #define HAVE_STRINGS_H 1
| #define HAVE_INTTYPES_H 1
| #define HAVE_STDINT_H 1
| #define HAVE_UNISTD_H 1
| #define __PLUMED_HAS_EXTERNAL_BLAS 1
| #define __PLUMED_HAS_EXTERNAL_LAPACK 1
| #define __PLUMED_HAS_MOLFILE_PLUGINS 1
| #define __PLUMED_HAS_MPI 1
| #define __PLUMED_HAS_READDIR_R 1
| #define __PLUMED_HAS_CREGEX 1
| #define __PLUMED_HAS_DLOPEN 1
| #define __PLUMED_HAS_EXECINFO 1
| #define __PLUMED_HAS_ZLIB 1
| /* end confdefs.h.  */
| #include <xdrfile/xdrfile_xtc.h>
configure:7789: result: no
configure:7789: checking for xdrfile/xdrfile_xtc.h
configure:7789: result: no
configure:7918: WARNING: cannot enable __PLUMED_HAS_XDRFILE
configure:8194: checking for python
configure:8210: found /usr/bin/python
configure:8221: result: python
configure:8235: Python executable is python
configure:8237: checking support for required python modules (distutils, cython, numpy, subprocess, os)
configure:8253: result: no
configure:8255: WARNING: cannot enable python interface
configure:8267: Release mode, adding -DNDEBUG
configure:8315: *** Special settings for dynamic libraries on Linux ***
configure:8317: Dynamic library extension is 'so'
configure:8319: LDSHARED and LDFLAGS need special flags
configure:8326: checking whether LDFLAGS can contain -rdynamic
configure:8339: mpic++ -o conftest -O3 -fPIC -Wall -pedantic -std=c++11   -rdynamic conftest.cpp -lz -ldl -llapack -lblas  >&5
configure:8339: $? = 0
configure:8340: result: yes
configure:8359: Using LDSHARED='mpic++ -shared'
configure:8361: Using LDFLAGS=' -rdynamic'
configure:8363: checking whether LDSHARED can create dynamic libraries
configure:8371: result: yes
configure:8448: checking for doxygen
configure:8464: found /usr/bin/doxygen
configure:8475: result: found
configure:8488: Doxygen version is fine
configure:8497: checking for dot
configure:8513: found /usr/bin/dot
configure:8524: result: found
configure:8544: Manuals will be generated
configure:8559: A PDF version of the manual will not be generated
configure:8567: checking for xxd
configure:8583: found /usr/bin/xxd
configure:8594: result: found
configure:8609: checking whether a program can be run on this machine
configure:8636: mpic++ -o conftest -O3 -fPIC -Wall -pedantic -std=c++11   -rdynamic conftest.cpp -lz -ldl -llapack -lblas  >&5
configure:8636: $? = 0
configure:8636: ./conftest
configure:8636: $? = 0
configure:8637: result: yes
configure:8651: checking whether a program compiled with mpi can be run on this machine
configure:8674: mpic++ -o conftest -O3 -fPIC -Wall -pedantic -std=c++11   -rdynamic conftest.cpp -lz -ldl -llapack -lblas  >&5
configure:8674: $? = 0
configure:8674: ./conftest
configure:8674: $? = 0
configure:8675: result: yes
configure:8692: Regtest suite will use env var PLUMED_MPIRUN to run MPI tests (default: mpirun)
configure:8698: PLUMED seems to be configured properly!
configure:8700: **************************
configure:8707: checking whether C++ objects can be grouped with ld -r -o
configure:8734: result: yes
configure:8751: checking whether static libraries can be created with ar cr
configure:8778: result: yes
configure:8792: I will now check if C++ objects can be linked by C/Fortran compilers
configure:8794: This is relevant if you want to use plumed patch --static on a non-C++ code
configure:8839: checking whether C can link a C++ object
configure:8850: result: no
configure:8839: checking whether C can link a C++ object with library -lstdc++
configure:8850: result: no
configure:8839: checking whether C can link a C++ object with library -lc++
configure:8850: result: no
configure:8839: checking whether C can link a C++ object with library -lmpi_cxx
configure:8850: result: no
configure:8855: WARNING: You might have problems linking C programs.
configure:8857: WARNING: Please add c++ library to LIBS
configure:8839: checking whether FORTRAN can link a C++ object
configure:8850: result: no
configure:8839: checking whether FORTRAN can link a C++ object with library -lstdc++
configure:8850: result: no
configure:8839: checking whether FORTRAN can link a C++ object with library -lc++
configure:8850: result: no
configure:8839: checking whether FORTRAN can link a C++ object with library -lmpi_cxx
configure:8850: result: no
configure:8855: WARNING: You might have problems linking FORTRAN programs.
configure:8857: WARNING: Please add c++ library to LIBS
configure:8907: **** PLUMED will be installed using the following paths:
configure:8909: **** prefix: /usr/local
configure:8916: **** exec_prefix: ${prefix}
configure:8918: **** bindir: ${exec_prefix}/bin
configure:8920: **** libdir: ${exec_prefix}/lib
configure:8922: **** includedir: ${prefix}/include
configure:8924: **** datarootdir: ${prefix}/share
configure:8926: **** datadir: ${datarootdir}
configure:8928: **** docdir: ${prefix}/share/doc/plumed
configure:8930: **** htmldir: ${docdir}
configure:8932: **** Executable will be named plumed
configure:8934: **** You can change paths later using options to "make install"
configure:8936: **** e.g. with "make install prefix=/path"
configure:8941: **** PLUMED will be compiled using MPI
configure:9137: creating ./config.status

## ---------------------- ##
## Running config.status. ##
## ---------------------- ##

This file was extended by PLUMED config.status 2, which was
generated by GNU Autoconf 2.69.  Invocation command line was

  CONFIG_FILES    = 
  CONFIG_HEADERS  = 
  CONFIG_LINKS    = 
  CONFIG_COMMANDS = 
  $ ./config.status 

on magadino

config.status:753: creating Makefile.conf
config.status:753: creating sourceme.sh
config.status:753: creating stamp-h

## ---------------- ##
## Cache variables. ##
## ---------------- ##

ac_cv_c_compiler_gnu=yes
ac_cv_cxx_compiler_gnu=yes
ac_cv_env_CCC_set=
ac_cv_env_CCC_value=
ac_cv_env_CC_set=
ac_cv_env_CC_value=
ac_cv_env_CFLAGS_set=
ac_cv_env_CFLAGS_value=
ac_cv_env_CPPFLAGS_set=
ac_cv_env_CPPFLAGS_value=
ac_cv_env_CXXCPP_set=
ac_cv_env_CXXCPP_value=
ac_cv_env_CXXFLAGS_set=
ac_cv_env_CXXFLAGS_value=
ac_cv_env_CXX_set=
ac_cv_env_CXX_value=
ac_cv_env_FCFLAGS_set=
ac_cv_env_FCFLAGS_value=
ac_cv_env_FC_set=
ac_cv_env_FC_value=
ac_cv_env_LDFLAGS_set=
ac_cv_env_LDFLAGS_value=
ac_cv_env_LDSHARED_set=
ac_cv_env_LDSHARED_value=
ac_cv_env_LIBS_set=
ac_cv_env_LIBS_value=
ac_cv_env_MPIEXEC_set=
ac_cv_env_MPIEXEC_value=
ac_cv_env_PYTHON_BIN_set=
ac_cv_env_PYTHON_BIN_value=
ac_cv_env_SOEXT_set=
ac_cv_env_SOEXT_value=
ac_cv_env_STATIC_LIBS_set=
ac_cv_env_STATIC_LIBS_value=
ac_cv_env_build_alias_set=
ac_cv_env_build_alias_value=
ac_cv_env_host_alias_set=
ac_cv_env_host_alias_value=
ac_cv_env_target_alias_set=
ac_cv_env_target_alias_value=
ac_cv_fc_compiler_gnu=yes
ac_cv_func_readdir=yes
ac_cv_header_dirent_h=yes
ac_cv_header_dlfcn_h=yes
ac_cv_header_execinfo_h=yes
ac_cv_header_gsl_gsl_vector_h=no
ac_cv_header_inttypes_h=yes
ac_cv_header_libmolfile_plugin_h=no
ac_cv_header_memory_h=yes
ac_cv_header_mpi_h=yes
ac_cv_header_regex_h=yes
ac_cv_header_stdc=yes
ac_cv_header_stdint_h=yes
ac_cv_header_stdlib_h=yes
ac_cv_header_string_h=yes
ac_cv_header_strings_h=yes
ac_cv_header_sys_stat_h=yes
ac_cv_header_sys_types_h=yes
ac_cv_header_unistd_h=yes
ac_cv_header_xdrfile_xdrfile_xtc_h=no
ac_cv_header_zlib_h=yes
ac_cv_lib_dl_dlopen=yes
ac_cv_objext=o
ac_cv_path_EGREP='/bin/grep -E'
ac_cv_path_GREP=/bin/grep
ac_cv_prog_CXXCPP='mpic++ -E'
ac_cv_prog_PYTHON_BIN=python
ac_cv_prog_ac_ct_CC=gcc
ac_cv_prog_ac_ct_CXX=mpic++
ac_cv_prog_ac_ct_FC=gfortran
ac_cv_prog_cc_c89=
ac_cv_prog_cc_g=yes
ac_cv_prog_cxx_g=yes
ac_cv_prog_cxx_openmp=-fopenmp
ac_cv_prog_dot=found
ac_cv_prog_doxygen=found
ac_cv_prog_fc_g=yes
ac_cv_prog_xxd=found
ac_cv_search_MPI_Init='none required'
ac_cv_search_backtrace='none required'
ac_cv_search_cblas_dgemv='none required'
ac_cv_search_dgemv=no
ac_cv_search_dgemv_=-lblas
ac_cv_search_dlopen='none required'
ac_cv_search_dsyevr_=-llapack
ac_cv_search_gzopen=-lz
ac_cv_search_readdir_r='none required'
ac_cv_search_regcomp='none required'

## ----------------- ##
## Output variables. ##
## ----------------- ##

AR_CR='ar cr'
CC='gcc'
CFLAGS='-g -O2 -fPIC'
CPPFLAGS=''
CXX='mpic++'
CXXCPP='mpic++ -E'
CXXFLAGS='-O3 -fPIC -Wall -pedantic -std=c++11'
DEFS='-DPACKAGE_NAME=\"PLUMED\" -DPACKAGE_TARNAME=\"plumed\" -DPACKAGE_VERSION=\"2\" -DPACKAGE_STRING=\"PLUMED\ 2\" -DPACKAGE_BUGREPORT=\"\" -DPACKAGE_URL=\"\" -DSTDC_HEADERS=1 -DHAVE_SYS_TYPES_H=1 -DHAVE_SYS_STAT_H=1 -DHAVE_STDLIB_H=1 -DHAVE_STRING_H=1 -DHAVE_MEMORY_H=1 -DHAVE_STRINGS_H=1 -DHAVE_INTTYPES_H=1 -DHAVE_STDINT_H=1 -DHAVE_UNISTD_H=1 -D__PLUMED_HAS_EXTERNAL_BLAS=1 -D__PLUMED_HAS_EXTERNAL_LAPACK=1 -D__PLUMED_HAS_MOLFILE_PLUGINS=1 -D__PLUMED_HAS_MPI=1 -D__PLUMED_HAS_READDIR_R=1 -D__PLUMED_HAS_CREGEX=1 -D__PLUMED_HAS_DLOPEN=1 -D__PLUMED_HAS_EXECINFO=1 -D__PLUMED_HAS_ZLIB=1 -DNDEBUG=1 -D_REENTRANT=1'
ECHO_C=''
ECHO_N='-n'
ECHO_T=''
EGREP='/bin/grep -E'
EXEEXT=''
FC='gfortran'
FCFLAGS='-g -O2'
GREP='/bin/grep'
LD='mpic++'
LDFLAGS=' -rdynamic'
LDSHARED='mpic++ -shared'
LD_RO='ld -r -o'
LIBOBJS=''
LIBS='-lz -ldl -llapack -lblas '
LTLIBOBJS=''
MPIEXEC=''
OBJEXT='o'
OPENMP_CXXFLAGS='-fopenmp'
PACKAGE_BUGREPORT=''
PACKAGE_NAME='PLUMED'
PACKAGE_STRING='PLUMED 2'
PACKAGE_TARNAME='plumed'
PACKAGE_URL=''
PACKAGE_VERSION='2'
PATH_SEPARATOR=':'
PYTHON_BIN=''
SHELL='/bin/bash'
SOEXT='so'
STATIC_LIBS='-ldl '
ac_ct_CC='gcc'
ac_ct_CXX='mpic++'
ac_ct_FC='gfortran'
bindir='${exec_prefix}/bin'
build_alias=''
build_dir='/home/yangy/opt/plumed2_its_full'
datadir='${datarootdir}'
datarootdir='${prefix}/share'
disable_dependency_tracking='no'
docdir='${datarootdir}/doc/${PACKAGE_TARNAME}'
dot='found'
doxygen='found'
dvidir='${docdir}'
exec_prefix='${prefix}'
host_alias=''
htmldir='${docdir}'
includedir='${prefix}/include'
infodir='${datarootdir}/info'
libdir='${exec_prefix}/lib'
libexecdir='${exec_prefix}/libexec'
localedir='${datarootdir}/locale'
localstatedir='${prefix}/var'
make_doc='yes'
make_pdfdoc='no'
mandir='${datarootdir}/man'
oldincludedir='/usr/include'
pdfdir='${docdir}'
prefix='/usr/local'
program_can_run='yes'
program_can_run_mpi='yes'
program_name='plumed'
program_transform_name='s,x,x,'
psdir='${docdir}'
readelf=''
sbindir='${exec_prefix}/sbin'
sharedstatedir='${prefix}/com'
sysconfdir='${prefix}/etc'
target_alias=''
xxd='found'

## ----------- ##
## confdefs.h. ##
## ----------- ##

/* confdefs.h */
#define PACKAGE_NAME "PLUMED"
#define PACKAGE_TARNAME "plumed"
#define PACKAGE_VERSION "2"
#define PACKAGE_STRING "PLUMED 2"
#define PACKAGE_BUGREPORT ""
#define PACKAGE_URL ""
#define STDC_HEADERS 1
#define HAVE_SYS_TYPES_H 1
#define HAVE_SYS_STAT_H 1
#define HAVE_STDLIB_H 1
#define HAVE_STRING_H 1
#define HAVE_MEMORY_H 1
#define HAVE_STRINGS_H 1
#define HAVE_INTTYPES_H 1
#define HAVE_STDINT_H 1
#define HAVE_UNISTD_H 1
#define __PLUMED_HAS_EXTERNAL_BLAS 1
#define __PLUMED_HAS_EXTERNAL_LAPACK 1
#define __PLUMED_HAS_MOLFILE_PLUGINS 1
#define __PLUMED_HAS_MPI 1
#define __PLUMED_HAS_READDIR_R 1
#define __PLUMED_HAS_CREGEX 1
#define __PLUMED_HAS_DLOPEN 1
#define __PLUMED_HAS_EXECINFO 1
#define __PLUMED_HAS_ZLIB 1
#define NDEBUG 1
#define _REENTRANT 1

configure: exit 0
